2017-05-05 22:28:22 - PHP Notice:  Undefined variable: telephone in D:\Moje_SerweryWWW\wamp64\www\wegasrebro\weganew\catalog\view\theme\pav_vigoss\template\common\addon\offcanvas-category.tpl on line 21
2017-05-06 0:35:25 - PHP Notice:  Undefined variable: wishlist in D:\Moje_SerweryWWW\wamp64\www\wegasrebro\weganew\catalog\view\theme\pav_vigoss\template\common\addon\offcanvas-category.tpl on line 9
2017-05-06 0:35:25 - PHP Notice:  Undefined variable: text_wishlist in D:\Moje_SerweryWWW\wamp64\www\wegasrebro\weganew\catalog\view\theme\pav_vigoss\template\common\addon\offcanvas-category.tpl on line 9
2017-05-06 0:35:25 - PHP Notice:  Undefined variable: text_wishlist in D:\Moje_SerweryWWW\wamp64\www\wegasrebro\weganew\catalog\view\theme\pav_vigoss\template\common\addon\offcanvas-category.tpl on line 9
2017-05-06 0:35:25 - PHP Notice:  Undefined variable: shopping_cart in D:\Moje_SerweryWWW\wamp64\www\wegasrebro\weganew\catalog\view\theme\pav_vigoss\template\common\addon\offcanvas-category.tpl on line 10
2017-05-06 0:35:25 - PHP Notice:  Undefined variable: text_shopping_cart in D:\Moje_SerweryWWW\wamp64\www\wegasrebro\weganew\catalog\view\theme\pav_vigoss\template\common\addon\offcanvas-category.tpl on line 10
2017-05-06 0:35:25 - PHP Notice:  Undefined variable: checkout in D:\Moje_SerweryWWW\wamp64\www\wegasrebro\weganew\catalog\view\theme\pav_vigoss\template\common\addon\offcanvas-category.tpl on line 11
2017-05-06 0:35:25 - PHP Notice:  Undefined variable: text_checkout in D:\Moje_SerweryWWW\wamp64\www\wegasrebro\weganew\catalog\view\theme\pav_vigoss\template\common\addon\offcanvas-category.tpl on line 11
2017-05-06 0:35:25 - PHP Notice:  Undefined variable: account in D:\Moje_SerweryWWW\wamp64\www\wegasrebro\weganew\catalog\view\theme\pav_vigoss\template\common\addon\offcanvas-category.tpl on line 12
2017-05-06 0:35:25 - PHP Notice:  Undefined variable: text_account in D:\Moje_SerweryWWW\wamp64\www\wegasrebro\weganew\catalog\view\theme\pav_vigoss\template\common\addon\offcanvas-category.tpl on line 12
2017-05-06 0:35:25 - PHP Notice:  Undefined variable: logged in D:\Moje_SerweryWWW\wamp64\www\wegasrebro\weganew\catalog\view\theme\pav_vigoss\template\common\addon\offcanvas-category.tpl on line 13
2017-05-06 0:35:25 - PHP Notice:  Undefined variable: register in D:\Moje_SerweryWWW\wamp64\www\wegasrebro\weganew\catalog\view\theme\pav_vigoss\template\common\addon\offcanvas-category.tpl on line 16
2017-05-06 0:35:25 - PHP Notice:  Undefined variable: text_register in D:\Moje_SerweryWWW\wamp64\www\wegasrebro\weganew\catalog\view\theme\pav_vigoss\template\common\addon\offcanvas-category.tpl on line 16
2017-05-06 0:35:25 - PHP Notice:  Undefined variable: login in D:\Moje_SerweryWWW\wamp64\www\wegasrebro\weganew\catalog\view\theme\pav_vigoss\template\common\addon\offcanvas-category.tpl on line 17
2017-05-06 0:35:25 - PHP Notice:  Undefined variable: text_login in D:\Moje_SerweryWWW\wamp64\www\wegasrebro\weganew\catalog\view\theme\pav_vigoss\template\common\addon\offcanvas-category.tpl on line 17
2017-05-06 0:37:02 - PHP Notice:  Undefined variable: wishlist in D:\Moje_SerweryWWW\wamp64\www\wegasrebro\weganew\catalog\view\theme\pav_vigoss\template\common\addon\offcanvas-category.tpl on line 9
2017-05-06 0:37:02 - PHP Notice:  Undefined variable: text_wishlist in D:\Moje_SerweryWWW\wamp64\www\wegasrebro\weganew\catalog\view\theme\pav_vigoss\template\common\addon\offcanvas-category.tpl on line 9
2017-05-06 0:37:02 - PHP Notice:  Undefined variable: text_wishlist in D:\Moje_SerweryWWW\wamp64\www\wegasrebro\weganew\catalog\view\theme\pav_vigoss\template\common\addon\offcanvas-category.tpl on line 9
2017-05-06 0:37:02 - PHP Notice:  Undefined variable: shopping_cart in D:\Moje_SerweryWWW\wamp64\www\wegasrebro\weganew\catalog\view\theme\pav_vigoss\template\common\addon\offcanvas-category.tpl on line 10
2017-05-06 0:37:02 - PHP Notice:  Undefined variable: text_shopping_cart in D:\Moje_SerweryWWW\wamp64\www\wegasrebro\weganew\catalog\view\theme\pav_vigoss\template\common\addon\offcanvas-category.tpl on line 10
2017-05-06 0:37:02 - PHP Notice:  Undefined variable: checkout in D:\Moje_SerweryWWW\wamp64\www\wegasrebro\weganew\catalog\view\theme\pav_vigoss\template\common\addon\offcanvas-category.tpl on line 11
2017-05-06 0:37:02 - PHP Notice:  Undefined variable: text_checkout in D:\Moje_SerweryWWW\wamp64\www\wegasrebro\weganew\catalog\view\theme\pav_vigoss\template\common\addon\offcanvas-category.tpl on line 11
2017-05-06 0:37:02 - PHP Notice:  Undefined variable: account in D:\Moje_SerweryWWW\wamp64\www\wegasrebro\weganew\catalog\view\theme\pav_vigoss\template\common\addon\offcanvas-category.tpl on line 12
2017-05-06 0:37:02 - PHP Notice:  Undefined variable: text_account in D:\Moje_SerweryWWW\wamp64\www\wegasrebro\weganew\catalog\view\theme\pav_vigoss\template\common\addon\offcanvas-category.tpl on line 12
2017-05-06 0:37:02 - PHP Notice:  Undefined variable: logged in D:\Moje_SerweryWWW\wamp64\www\wegasrebro\weganew\catalog\view\theme\pav_vigoss\template\common\addon\offcanvas-category.tpl on line 13
2017-05-06 0:37:02 - PHP Notice:  Undefined variable: register in D:\Moje_SerweryWWW\wamp64\www\wegasrebro\weganew\catalog\view\theme\pav_vigoss\template\common\addon\offcanvas-category.tpl on line 16
2017-05-06 0:37:02 - PHP Notice:  Undefined variable: text_register in D:\Moje_SerweryWWW\wamp64\www\wegasrebro\weganew\catalog\view\theme\pav_vigoss\template\common\addon\offcanvas-category.tpl on line 16
2017-05-06 0:37:02 - PHP Notice:  Undefined variable: login in D:\Moje_SerweryWWW\wamp64\www\wegasrebro\weganew\catalog\view\theme\pav_vigoss\template\common\addon\offcanvas-category.tpl on line 17
2017-05-06 0:37:02 - PHP Notice:  Undefined variable: text_login in D:\Moje_SerweryWWW\wamp64\www\wegasrebro\weganew\catalog\view\theme\pav_vigoss\template\common\addon\offcanvas-category.tpl on line 17
2017-05-06 0:37:23 - PHP Notice:  Undefined variable: wishlist in D:\Moje_SerweryWWW\wamp64\www\wegasrebro\weganew\catalog\view\theme\pav_vigoss\template\common\addon\offcanvas-category.tpl on line 9
2017-05-06 0:37:23 - PHP Notice:  Undefined variable: text_wishlist in D:\Moje_SerweryWWW\wamp64\www\wegasrebro\weganew\catalog\view\theme\pav_vigoss\template\common\addon\offcanvas-category.tpl on line 9
2017-05-06 0:37:23 - PHP Notice:  Undefined variable: text_wishlist in D:\Moje_SerweryWWW\wamp64\www\wegasrebro\weganew\catalog\view\theme\pav_vigoss\template\common\addon\offcanvas-category.tpl on line 9
2017-05-06 0:37:23 - PHP Notice:  Undefined variable: shopping_cart in D:\Moje_SerweryWWW\wamp64\www\wegasrebro\weganew\catalog\view\theme\pav_vigoss\template\common\addon\offcanvas-category.tpl on line 10
2017-05-06 0:37:23 - PHP Notice:  Undefined variable: text_shopping_cart in D:\Moje_SerweryWWW\wamp64\www\wegasrebro\weganew\catalog\view\theme\pav_vigoss\template\common\addon\offcanvas-category.tpl on line 10
2017-05-06 0:37:23 - PHP Notice:  Undefined variable: checkout in D:\Moje_SerweryWWW\wamp64\www\wegasrebro\weganew\catalog\view\theme\pav_vigoss\template\common\addon\offcanvas-category.tpl on line 11
2017-05-06 0:37:23 - PHP Notice:  Undefined variable: text_checkout in D:\Moje_SerweryWWW\wamp64\www\wegasrebro\weganew\catalog\view\theme\pav_vigoss\template\common\addon\offcanvas-category.tpl on line 11
2017-05-06 0:37:23 - PHP Notice:  Undefined variable: account in D:\Moje_SerweryWWW\wamp64\www\wegasrebro\weganew\catalog\view\theme\pav_vigoss\template\common\addon\offcanvas-category.tpl on line 12
2017-05-06 0:37:23 - PHP Notice:  Undefined variable: text_account in D:\Moje_SerweryWWW\wamp64\www\wegasrebro\weganew\catalog\view\theme\pav_vigoss\template\common\addon\offcanvas-category.tpl on line 12
2017-05-06 0:37:23 - PHP Notice:  Undefined variable: logged in D:\Moje_SerweryWWW\wamp64\www\wegasrebro\weganew\catalog\view\theme\pav_vigoss\template\common\addon\offcanvas-category.tpl on line 13
2017-05-06 0:37:23 - PHP Notice:  Undefined variable: register in D:\Moje_SerweryWWW\wamp64\www\wegasrebro\weganew\catalog\view\theme\pav_vigoss\template\common\addon\offcanvas-category.tpl on line 16
2017-05-06 0:37:23 - PHP Notice:  Undefined variable: text_register in D:\Moje_SerweryWWW\wamp64\www\wegasrebro\weganew\catalog\view\theme\pav_vigoss\template\common\addon\offcanvas-category.tpl on line 16
2017-05-06 0:37:23 - PHP Notice:  Undefined variable: login in D:\Moje_SerweryWWW\wamp64\www\wegasrebro\weganew\catalog\view\theme\pav_vigoss\template\common\addon\offcanvas-category.tpl on line 17
2017-05-06 0:37:23 - PHP Notice:  Undefined variable: text_login in D:\Moje_SerweryWWW\wamp64\www\wegasrebro\weganew\catalog\view\theme\pav_vigoss\template\common\addon\offcanvas-category.tpl on line 17
2017-05-06 0:37:32 - PHP Notice:  Undefined variable: wishlist in D:\Moje_SerweryWWW\wamp64\www\wegasrebro\weganew\catalog\view\theme\pav_vigoss\template\common\addon\offcanvas-category.tpl on line 9
2017-05-06 0:37:32 - PHP Notice:  Undefined variable: text_wishlist in D:\Moje_SerweryWWW\wamp64\www\wegasrebro\weganew\catalog\view\theme\pav_vigoss\template\common\addon\offcanvas-category.tpl on line 9
2017-05-06 0:37:32 - PHP Notice:  Undefined variable: text_wishlist in D:\Moje_SerweryWWW\wamp64\www\wegasrebro\weganew\catalog\view\theme\pav_vigoss\template\common\addon\offcanvas-category.tpl on line 9
2017-05-06 0:37:32 - PHP Notice:  Undefined variable: shopping_cart in D:\Moje_SerweryWWW\wamp64\www\wegasrebro\weganew\catalog\view\theme\pav_vigoss\template\common\addon\offcanvas-category.tpl on line 10
2017-05-06 0:37:32 - PHP Notice:  Undefined variable: text_shopping_cart in D:\Moje_SerweryWWW\wamp64\www\wegasrebro\weganew\catalog\view\theme\pav_vigoss\template\common\addon\offcanvas-category.tpl on line 10
2017-05-06 0:37:32 - PHP Notice:  Undefined variable: checkout in D:\Moje_SerweryWWW\wamp64\www\wegasrebro\weganew\catalog\view\theme\pav_vigoss\template\common\addon\offcanvas-category.tpl on line 11
2017-05-06 0:37:32 - PHP Notice:  Undefined variable: text_checkout in D:\Moje_SerweryWWW\wamp64\www\wegasrebro\weganew\catalog\view\theme\pav_vigoss\template\common\addon\offcanvas-category.tpl on line 11
2017-05-06 0:37:32 - PHP Notice:  Undefined variable: account in D:\Moje_SerweryWWW\wamp64\www\wegasrebro\weganew\catalog\view\theme\pav_vigoss\template\common\addon\offcanvas-category.tpl on line 12
2017-05-06 0:37:32 - PHP Notice:  Undefined variable: text_account in D:\Moje_SerweryWWW\wamp64\www\wegasrebro\weganew\catalog\view\theme\pav_vigoss\template\common\addon\offcanvas-category.tpl on line 12
2017-05-06 0:37:32 - PHP Notice:  Undefined variable: logged in D:\Moje_SerweryWWW\wamp64\www\wegasrebro\weganew\catalog\view\theme\pav_vigoss\template\common\addon\offcanvas-category.tpl on line 13
2017-05-06 0:37:32 - PHP Notice:  Undefined variable: register in D:\Moje_SerweryWWW\wamp64\www\wegasrebro\weganew\catalog\view\theme\pav_vigoss\template\common\addon\offcanvas-category.tpl on line 16
2017-05-06 0:37:32 - PHP Notice:  Undefined variable: text_register in D:\Moje_SerweryWWW\wamp64\www\wegasrebro\weganew\catalog\view\theme\pav_vigoss\template\common\addon\offcanvas-category.tpl on line 16
2017-05-06 0:37:32 - PHP Notice:  Undefined variable: login in D:\Moje_SerweryWWW\wamp64\www\wegasrebro\weganew\catalog\view\theme\pav_vigoss\template\common\addon\offcanvas-category.tpl on line 17
2017-05-06 0:37:32 - PHP Notice:  Undefined variable: text_login in D:\Moje_SerweryWWW\wamp64\www\wegasrebro\weganew\catalog\view\theme\pav_vigoss\template\common\addon\offcanvas-category.tpl on line 17
2017-05-06 0:39:37 - PHP Notice:  Undefined variable: checkout in D:\Moje_SerweryWWW\wamp64\www\wegasrebro\weganew\catalog\view\theme\pav_vigoss\template\common\addon\offcanvas-category.tpl on line 9
2017-05-06 0:39:37 - PHP Notice:  Undefined variable: text_checkout in D:\Moje_SerweryWWW\wamp64\www\wegasrebro\weganew\catalog\view\theme\pav_vigoss\template\common\addon\offcanvas-category.tpl on line 9
2017-05-06 0:39:37 - PHP Notice:  Undefined variable: account in D:\Moje_SerweryWWW\wamp64\www\wegasrebro\weganew\catalog\view\theme\pav_vigoss\template\common\addon\offcanvas-category.tpl on line 10
2017-05-06 0:39:37 - PHP Notice:  Undefined variable: text_account in D:\Moje_SerweryWWW\wamp64\www\wegasrebro\weganew\catalog\view\theme\pav_vigoss\template\common\addon\offcanvas-category.tpl on line 10
2017-05-06 0:39:37 - PHP Notice:  Undefined variable: logged in D:\Moje_SerweryWWW\wamp64\www\wegasrebro\weganew\catalog\view\theme\pav_vigoss\template\common\addon\offcanvas-category.tpl on line 11
2017-05-06 0:39:37 - PHP Notice:  Undefined variable: register in D:\Moje_SerweryWWW\wamp64\www\wegasrebro\weganew\catalog\view\theme\pav_vigoss\template\common\addon\offcanvas-category.tpl on line 14
2017-05-06 0:39:37 - PHP Notice:  Undefined variable: text_register in D:\Moje_SerweryWWW\wamp64\www\wegasrebro\weganew\catalog\view\theme\pav_vigoss\template\common\addon\offcanvas-category.tpl on line 14
2017-05-06 0:39:37 - PHP Notice:  Undefined variable: login in D:\Moje_SerweryWWW\wamp64\www\wegasrebro\weganew\catalog\view\theme\pav_vigoss\template\common\addon\offcanvas-category.tpl on line 15
2017-05-06 0:39:37 - PHP Notice:  Undefined variable: text_login in D:\Moje_SerweryWWW\wamp64\www\wegasrebro\weganew\catalog\view\theme\pav_vigoss\template\common\addon\offcanvas-category.tpl on line 15
2017-05-06 0:42:50 - PHP Notice:  Undefined variable: checkout in D:\Moje_SerweryWWW\wamp64\www\wegasrebro\weganew\catalog\view\theme\pav_vigoss\template\common\addon\offcanvas-category.tpl on line 9
2017-05-06 0:42:50 - PHP Notice:  Undefined variable: account in D:\Moje_SerweryWWW\wamp64\www\wegasrebro\weganew\catalog\view\theme\pav_vigoss\template\common\addon\offcanvas-category.tpl on line 10
2017-05-06 0:42:50 - PHP Notice:  Undefined variable: logged in D:\Moje_SerweryWWW\wamp64\www\wegasrebro\weganew\catalog\view\theme\pav_vigoss\template\common\addon\offcanvas-category.tpl on line 11
2017-05-06 0:42:50 - PHP Notice:  Undefined variable: register in D:\Moje_SerweryWWW\wamp64\www\wegasrebro\weganew\catalog\view\theme\pav_vigoss\template\common\addon\offcanvas-category.tpl on line 14
2017-05-06 0:42:50 - PHP Notice:  Undefined variable: login in D:\Moje_SerweryWWW\wamp64\www\wegasrebro\weganew\catalog\view\theme\pav_vigoss\template\common\addon\offcanvas-category.tpl on line 15
2017-05-06 0:45:51 - PHP Notice:  Undefined variable: checkout in D:\Moje_SerweryWWW\wamp64\www\wegasrebro\weganew\catalog\view\theme\pav_vigoss\template\common\addon\offcanvas-category.tpl on line 9
2017-05-06 0:45:51 - PHP Notice:  Undefined variable: text_checkout in D:\Moje_SerweryWWW\wamp64\www\wegasrebro\weganew\catalog\view\theme\pav_vigoss\template\common\addon\offcanvas-category.tpl on line 9
2017-05-06 0:45:51 - PHP Notice:  Undefined variable: account in D:\Moje_SerweryWWW\wamp64\www\wegasrebro\weganew\catalog\view\theme\pav_vigoss\template\common\addon\offcanvas-category.tpl on line 10
2017-05-06 0:45:51 - PHP Notice:  Undefined variable: text_account in D:\Moje_SerweryWWW\wamp64\www\wegasrebro\weganew\catalog\view\theme\pav_vigoss\template\common\addon\offcanvas-category.tpl on line 10
2017-05-06 0:45:51 - PHP Notice:  Undefined variable: logged in D:\Moje_SerweryWWW\wamp64\www\wegasrebro\weganew\catalog\view\theme\pav_vigoss\template\common\addon\offcanvas-category.tpl on line 11
2017-05-06 0:45:51 - PHP Notice:  Undefined variable: register in D:\Moje_SerweryWWW\wamp64\www\wegasrebro\weganew\catalog\view\theme\pav_vigoss\template\common\addon\offcanvas-category.tpl on line 14
2017-05-06 0:45:51 - PHP Notice:  Undefined variable: text_register in D:\Moje_SerweryWWW\wamp64\www\wegasrebro\weganew\catalog\view\theme\pav_vigoss\template\common\addon\offcanvas-category.tpl on line 14
2017-05-06 0:45:51 - PHP Notice:  Undefined variable: login in D:\Moje_SerweryWWW\wamp64\www\wegasrebro\weganew\catalog\view\theme\pav_vigoss\template\common\addon\offcanvas-category.tpl on line 15
2017-05-06 0:45:51 - PHP Notice:  Undefined variable: text_login in D:\Moje_SerweryWWW\wamp64\www\wegasrebro\weganew\catalog\view\theme\pav_vigoss\template\common\addon\offcanvas-category.tpl on line 15
2017-05-06 0:47:48 - PHP Notice:  Undefined variable: wishlist in D:\Moje_SerweryWWW\wamp64\www\wegasrebro\weganew\catalog\view\theme\pav_vigoss\template\common\account.tpl on line 7
2017-05-06 0:47:48 - PHP Notice:  Undefined variable: text_wishlist in D:\Moje_SerweryWWW\wamp64\www\wegasrebro\weganew\catalog\view\theme\pav_vigoss\template\common\account.tpl on line 7
2017-05-06 0:47:48 - PHP Notice:  Undefined variable: text_wishlist in D:\Moje_SerweryWWW\wamp64\www\wegasrebro\weganew\catalog\view\theme\pav_vigoss\template\common\account.tpl on line 7
2017-05-06 0:47:48 - PHP Notice:  Undefined variable: shopping_cart in D:\Moje_SerweryWWW\wamp64\www\wegasrebro\weganew\catalog\view\theme\pav_vigoss\template\common\account.tpl on line 8
2017-05-06 0:47:48 - PHP Notice:  Undefined variable: text_shopping_cart in D:\Moje_SerweryWWW\wamp64\www\wegasrebro\weganew\catalog\view\theme\pav_vigoss\template\common\account.tpl on line 8
2017-05-06 0:47:48 - PHP Notice:  Undefined variable: checkout in D:\Moje_SerweryWWW\wamp64\www\wegasrebro\weganew\catalog\view\theme\pav_vigoss\template\common\account.tpl on line 9
2017-05-06 0:47:48 - PHP Notice:  Undefined variable: text_checkout in D:\Moje_SerweryWWW\wamp64\www\wegasrebro\weganew\catalog\view\theme\pav_vigoss\template\common\account.tpl on line 9
2017-05-06 0:47:48 - PHP Notice:  Undefined variable: account in D:\Moje_SerweryWWW\wamp64\www\wegasrebro\weganew\catalog\view\theme\pav_vigoss\template\common\account.tpl on line 10
2017-05-06 0:47:48 - PHP Notice:  Undefined variable: text_account in D:\Moje_SerweryWWW\wamp64\www\wegasrebro\weganew\catalog\view\theme\pav_vigoss\template\common\account.tpl on line 10
2017-05-06 0:47:48 - PHP Notice:  Undefined variable: logged in D:\Moje_SerweryWWW\wamp64\www\wegasrebro\weganew\catalog\view\theme\pav_vigoss\template\common\account.tpl on line 11
2017-05-06 0:47:48 - PHP Notice:  Undefined variable: register in D:\Moje_SerweryWWW\wamp64\www\wegasrebro\weganew\catalog\view\theme\pav_vigoss\template\common\account.tpl on line 14
2017-05-06 0:47:48 - PHP Notice:  Undefined variable: text_register in D:\Moje_SerweryWWW\wamp64\www\wegasrebro\weganew\catalog\view\theme\pav_vigoss\template\common\account.tpl on line 14
2017-05-06 0:47:48 - PHP Notice:  Undefined variable: login in D:\Moje_SerweryWWW\wamp64\www\wegasrebro\weganew\catalog\view\theme\pav_vigoss\template\common\account.tpl on line 15
2017-05-06 0:47:48 - PHP Notice:  Undefined variable: text_login in D:\Moje_SerweryWWW\wamp64\www\wegasrebro\weganew\catalog\view\theme\pav_vigoss\template\common\account.tpl on line 15
2017-05-06 0:47:48 - PHP Notice:  Undefined variable: checkout in D:\Moje_SerweryWWW\wamp64\www\wegasrebro\weganew\catalog\view\theme\pav_vigoss\template\common\addon\offcanvas-category.tpl on line 12
2017-05-06 0:47:48 - PHP Notice:  Undefined variable: text_checkout in D:\Moje_SerweryWWW\wamp64\www\wegasrebro\weganew\catalog\view\theme\pav_vigoss\template\common\addon\offcanvas-category.tpl on line 12
2017-05-06 0:47:48 - PHP Notice:  Undefined variable: account in D:\Moje_SerweryWWW\wamp64\www\wegasrebro\weganew\catalog\view\theme\pav_vigoss\template\common\addon\offcanvas-category.tpl on line 13
2017-05-06 0:47:48 - PHP Notice:  Undefined variable: text_account in D:\Moje_SerweryWWW\wamp64\www\wegasrebro\weganew\catalog\view\theme\pav_vigoss\template\common\addon\offcanvas-category.tpl on line 13
2017-05-06 0:47:48 - PHP Notice:  Undefined variable: logged in D:\Moje_SerweryWWW\wamp64\www\wegasrebro\weganew\catalog\view\theme\pav_vigoss\template\common\addon\offcanvas-category.tpl on line 14
2017-05-06 0:47:48 - PHP Notice:  Undefined variable: register in D:\Moje_SerweryWWW\wamp64\www\wegasrebro\weganew\catalog\view\theme\pav_vigoss\template\common\addon\offcanvas-category.tpl on line 17
2017-05-06 0:47:48 - PHP Notice:  Undefined variable: text_register in D:\Moje_SerweryWWW\wamp64\www\wegasrebro\weganew\catalog\view\theme\pav_vigoss\template\common\addon\offcanvas-category.tpl on line 17
2017-05-06 0:47:48 - PHP Notice:  Undefined variable: login in D:\Moje_SerweryWWW\wamp64\www\wegasrebro\weganew\catalog\view\theme\pav_vigoss\template\common\addon\offcanvas-category.tpl on line 18
2017-05-06 0:47:48 - PHP Notice:  Undefined variable: text_login in D:\Moje_SerweryWWW\wamp64\www\wegasrebro\weganew\catalog\view\theme\pav_vigoss\template\common\addon\offcanvas-category.tpl on line 18
2017-05-06 0:52:16 - PHP Notice:  Undefined variable: checkout in D:\Moje_SerweryWWW\wamp64\www\wegasrebro\weganew\catalog\view\theme\pav_vigoss\template\common\addon\offcanvas-category.tpl on line 10
2017-05-06 0:52:16 - PHP Notice:  Undefined variable: text_checkout in D:\Moje_SerweryWWW\wamp64\www\wegasrebro\weganew\catalog\view\theme\pav_vigoss\template\common\addon\offcanvas-category.tpl on line 10
2017-05-06 0:52:16 - PHP Notice:  Undefined variable: account in D:\Moje_SerweryWWW\wamp64\www\wegasrebro\weganew\catalog\view\theme\pav_vigoss\template\common\addon\offcanvas-category.tpl on line 11
2017-05-06 0:52:16 - PHP Notice:  Undefined variable: text_account in D:\Moje_SerweryWWW\wamp64\www\wegasrebro\weganew\catalog\view\theme\pav_vigoss\template\common\addon\offcanvas-category.tpl on line 11
2017-05-06 0:52:16 - PHP Notice:  Undefined variable: logged in D:\Moje_SerweryWWW\wamp64\www\wegasrebro\weganew\catalog\view\theme\pav_vigoss\template\common\addon\offcanvas-category.tpl on line 12
2017-05-06 0:52:16 - PHP Notice:  Undefined variable: register in D:\Moje_SerweryWWW\wamp64\www\wegasrebro\weganew\catalog\view\theme\pav_vigoss\template\common\addon\offcanvas-category.tpl on line 15
2017-05-06 0:52:16 - PHP Notice:  Undefined variable: text_register in D:\Moje_SerweryWWW\wamp64\www\wegasrebro\weganew\catalog\view\theme\pav_vigoss\template\common\addon\offcanvas-category.tpl on line 15
2017-05-06 0:52:16 - PHP Notice:  Undefined variable: login in D:\Moje_SerweryWWW\wamp64\www\wegasrebro\weganew\catalog\view\theme\pav_vigoss\template\common\addon\offcanvas-category.tpl on line 16
2017-05-06 0:52:16 - PHP Notice:  Undefined variable: text_login in D:\Moje_SerweryWWW\wamp64\www\wegasrebro\weganew\catalog\view\theme\pav_vigoss\template\common\addon\offcanvas-category.tpl on line 16
2017-05-06 0:52:49 - PHP Notice:  Undefined variable: checkout in D:\Moje_SerweryWWW\wamp64\www\wegasrebro\weganew\catalog\view\theme\pav_vigoss\template\common\addon\offcanvas-category.tpl on line 10
2017-05-06 0:52:49 - PHP Notice:  Undefined variable: text_checkout in D:\Moje_SerweryWWW\wamp64\www\wegasrebro\weganew\catalog\view\theme\pav_vigoss\template\common\addon\offcanvas-category.tpl on line 10
2017-05-06 0:52:49 - PHP Notice:  Undefined variable: account in D:\Moje_SerweryWWW\wamp64\www\wegasrebro\weganew\catalog\view\theme\pav_vigoss\template\common\addon\offcanvas-category.tpl on line 11
2017-05-06 0:52:49 - PHP Notice:  Undefined variable: text_account in D:\Moje_SerweryWWW\wamp64\www\wegasrebro\weganew\catalog\view\theme\pav_vigoss\template\common\addon\offcanvas-category.tpl on line 11
2017-05-06 0:52:49 - PHP Notice:  Undefined variable: logged in D:\Moje_SerweryWWW\wamp64\www\wegasrebro\weganew\catalog\view\theme\pav_vigoss\template\common\addon\offcanvas-category.tpl on line 12
2017-05-06 0:52:49 - PHP Notice:  Undefined variable: register in D:\Moje_SerweryWWW\wamp64\www\wegasrebro\weganew\catalog\view\theme\pav_vigoss\template\common\addon\offcanvas-category.tpl on line 15
2017-05-06 0:52:49 - PHP Notice:  Undefined variable: text_register in D:\Moje_SerweryWWW\wamp64\www\wegasrebro\weganew\catalog\view\theme\pav_vigoss\template\common\addon\offcanvas-category.tpl on line 15
2017-05-06 0:52:49 - PHP Notice:  Undefined variable: login in D:\Moje_SerweryWWW\wamp64\www\wegasrebro\weganew\catalog\view\theme\pav_vigoss\template\common\addon\offcanvas-category.tpl on line 16
2017-05-06 0:52:49 - PHP Notice:  Undefined variable: text_login in D:\Moje_SerweryWWW\wamp64\www\wegasrebro\weganew\catalog\view\theme\pav_vigoss\template\common\addon\offcanvas-category.tpl on line 16
2017-05-06 1:05:01 - PHP Notice:  Undefined variable: checkout in D:\Moje_SerweryWWW\wamp64\www\wegasrebro\weganew\catalog\view\theme\pav_vigoss\template\common\addon\offcanvas-category.tpl on line 26
2017-05-06 1:05:01 - PHP Notice:  Undefined variable: text_checkout in D:\Moje_SerweryWWW\wamp64\www\wegasrebro\weganew\catalog\view\theme\pav_vigoss\template\common\addon\offcanvas-category.tpl on line 26
2017-05-06 1:05:01 - PHP Notice:  Undefined variable: account in D:\Moje_SerweryWWW\wamp64\www\wegasrebro\weganew\catalog\view\theme\pav_vigoss\template\common\addon\offcanvas-category.tpl on line 27
2017-05-06 1:05:01 - PHP Notice:  Undefined variable: text_account in D:\Moje_SerweryWWW\wamp64\www\wegasrebro\weganew\catalog\view\theme\pav_vigoss\template\common\addon\offcanvas-category.tpl on line 27
2017-05-06 1:05:01 - PHP Notice:  Undefined variable: logged in D:\Moje_SerweryWWW\wamp64\www\wegasrebro\weganew\catalog\view\theme\pav_vigoss\template\common\addon\offcanvas-category.tpl on line 28
2017-05-06 1:05:01 - PHP Notice:  Undefined variable: register in D:\Moje_SerweryWWW\wamp64\www\wegasrebro\weganew\catalog\view\theme\pav_vigoss\template\common\addon\offcanvas-category.tpl on line 31
2017-05-06 1:05:01 - PHP Notice:  Undefined variable: text_register in D:\Moje_SerweryWWW\wamp64\www\wegasrebro\weganew\catalog\view\theme\pav_vigoss\template\common\addon\offcanvas-category.tpl on line 31
2017-05-06 1:05:01 - PHP Notice:  Undefined variable: login in D:\Moje_SerweryWWW\wamp64\www\wegasrebro\weganew\catalog\view\theme\pav_vigoss\template\common\addon\offcanvas-category.tpl on line 32
2017-05-06 1:05:01 - PHP Notice:  Undefined variable: text_login in D:\Moje_SerweryWWW\wamp64\www\wegasrebro\weganew\catalog\view\theme\pav_vigoss\template\common\addon\offcanvas-category.tpl on line 32
2017-05-06 1:20:34 - PHP Notice:  Undefined variable: wishlist in D:\Moje_SerweryWWW\wamp64\www\wegasrebro\weganew\catalog\view\theme\pav_vigoss\template\common\addon\offcanvas-category.tpl on line 9
2017-05-06 1:20:34 - PHP Notice:  Undefined variable: text_wishlist in D:\Moje_SerweryWWW\wamp64\www\wegasrebro\weganew\catalog\view\theme\pav_vigoss\template\common\addon\offcanvas-category.tpl on line 9
2017-05-06 1:20:34 - PHP Notice:  Undefined variable: text_wishlist in D:\Moje_SerweryWWW\wamp64\www\wegasrebro\weganew\catalog\view\theme\pav_vigoss\template\common\addon\offcanvas-category.tpl on line 9
2017-05-06 1:20:34 - PHP Notice:  Undefined variable: shopping_cart in D:\Moje_SerweryWWW\wamp64\www\wegasrebro\weganew\catalog\view\theme\pav_vigoss\template\common\addon\offcanvas-category.tpl on line 10
2017-05-06 1:20:34 - PHP Notice:  Undefined variable: text_shopping_cart in D:\Moje_SerweryWWW\wamp64\www\wegasrebro\weganew\catalog\view\theme\pav_vigoss\template\common\addon\offcanvas-category.tpl on line 10
2017-05-06 1:20:34 - PHP Notice:  Undefined variable: checkout in D:\Moje_SerweryWWW\wamp64\www\wegasrebro\weganew\catalog\view\theme\pav_vigoss\template\common\addon\offcanvas-category.tpl on line 11
2017-05-06 1:20:34 - PHP Notice:  Undefined variable: text_checkout in D:\Moje_SerweryWWW\wamp64\www\wegasrebro\weganew\catalog\view\theme\pav_vigoss\template\common\addon\offcanvas-category.tpl on line 11
2017-05-06 1:20:34 - PHP Notice:  Undefined variable: account in D:\Moje_SerweryWWW\wamp64\www\wegasrebro\weganew\catalog\view\theme\pav_vigoss\template\common\addon\offcanvas-category.tpl on line 12
2017-05-06 1:20:34 - PHP Notice:  Undefined variable: text_account in D:\Moje_SerweryWWW\wamp64\www\wegasrebro\weganew\catalog\view\theme\pav_vigoss\template\common\addon\offcanvas-category.tpl on line 12
2017-05-06 1:20:34 - PHP Notice:  Undefined variable: logged in D:\Moje_SerweryWWW\wamp64\www\wegasrebro\weganew\catalog\view\theme\pav_vigoss\template\common\addon\offcanvas-category.tpl on line 13
2017-05-06 1:20:34 - PHP Notice:  Undefined variable: register in D:\Moje_SerweryWWW\wamp64\www\wegasrebro\weganew\catalog\view\theme\pav_vigoss\template\common\addon\offcanvas-category.tpl on line 16
2017-05-06 1:20:34 - PHP Notice:  Undefined variable: text_register in D:\Moje_SerweryWWW\wamp64\www\wegasrebro\weganew\catalog\view\theme\pav_vigoss\template\common\addon\offcanvas-category.tpl on line 16
2017-05-06 1:20:34 - PHP Notice:  Undefined variable: login in D:\Moje_SerweryWWW\wamp64\www\wegasrebro\weganew\catalog\view\theme\pav_vigoss\template\common\addon\offcanvas-category.tpl on line 17
2017-05-06 1:20:34 - PHP Notice:  Undefined variable: text_login in D:\Moje_SerweryWWW\wamp64\www\wegasrebro\weganew\catalog\view\theme\pav_vigoss\template\common\addon\offcanvas-category.tpl on line 17
2017-05-06 1:37:14 - PHP Notice:  Undefined variable: wishlist in D:\Moje_SerweryWWW\wamp64\www\wegasrebro\weganew\catalog\view\theme\pav_vigoss\template\common\addon\offcanvas-category.tpl on line 11
2017-05-06 1:37:14 - PHP Notice:  Undefined variable: text_wishlist in D:\Moje_SerweryWWW\wamp64\www\wegasrebro\weganew\catalog\view\theme\pav_vigoss\template\common\addon\offcanvas-category.tpl on line 11
2017-05-06 1:37:14 - PHP Notice:  Undefined variable: text_wishlist in D:\Moje_SerweryWWW\wamp64\www\wegasrebro\weganew\catalog\view\theme\pav_vigoss\template\common\addon\offcanvas-category.tpl on line 11
2017-05-06 1:37:14 - PHP Notice:  Undefined variable: shopping_cart in D:\Moje_SerweryWWW\wamp64\www\wegasrebro\weganew\catalog\view\theme\pav_vigoss\template\common\addon\offcanvas-category.tpl on line 12
2017-05-06 1:37:14 - PHP Notice:  Undefined variable: text_shopping_cart in D:\Moje_SerweryWWW\wamp64\www\wegasrebro\weganew\catalog\view\theme\pav_vigoss\template\common\addon\offcanvas-category.tpl on line 12
2017-05-06 1:37:14 - PHP Notice:  Undefined variable: checkout in D:\Moje_SerweryWWW\wamp64\www\wegasrebro\weganew\catalog\view\theme\pav_vigoss\template\common\addon\offcanvas-category.tpl on line 13
2017-05-06 1:37:14 - PHP Notice:  Undefined variable: text_checkout in D:\Moje_SerweryWWW\wamp64\www\wegasrebro\weganew\catalog\view\theme\pav_vigoss\template\common\addon\offcanvas-category.tpl on line 13
2017-05-06 1:37:14 - PHP Notice:  Undefined variable: account in D:\Moje_SerweryWWW\wamp64\www\wegasrebro\weganew\catalog\view\theme\pav_vigoss\template\common\addon\offcanvas-category.tpl on line 14
2017-05-06 1:37:14 - PHP Notice:  Undefined variable: text_account in D:\Moje_SerweryWWW\wamp64\www\wegasrebro\weganew\catalog\view\theme\pav_vigoss\template\common\addon\offcanvas-category.tpl on line 14
2017-05-06 1:37:14 - PHP Notice:  Undefined variable: logged in D:\Moje_SerweryWWW\wamp64\www\wegasrebro\weganew\catalog\view\theme\pav_vigoss\template\common\addon\offcanvas-category.tpl on line 15
2017-05-06 1:37:14 - PHP Notice:  Undefined variable: register in D:\Moje_SerweryWWW\wamp64\www\wegasrebro\weganew\catalog\view\theme\pav_vigoss\template\common\addon\offcanvas-category.tpl on line 18
2017-05-06 1:37:14 - PHP Notice:  Undefined variable: text_register in D:\Moje_SerweryWWW\wamp64\www\wegasrebro\weganew\catalog\view\theme\pav_vigoss\template\common\addon\offcanvas-category.tpl on line 18
2017-05-06 1:37:14 - PHP Notice:  Undefined variable: login in D:\Moje_SerweryWWW\wamp64\www\wegasrebro\weganew\catalog\view\theme\pav_vigoss\template\common\addon\offcanvas-category.tpl on line 19
2017-05-06 1:37:14 - PHP Notice:  Undefined variable: text_login in D:\Moje_SerweryWWW\wamp64\www\wegasrebro\weganew\catalog\view\theme\pav_vigoss\template\common\addon\offcanvas-category.tpl on line 19
2017-05-06 1:39:38 - PHP Notice:  Undefined variable: wishlist in D:\Moje_SerweryWWW\wamp64\www\wegasrebro\weganew\catalog\view\theme\pav_vigoss\template\common\addon\offcanvas-category.tpl on line 11
2017-05-06 1:39:38 - PHP Notice:  Undefined variable: text_wishlist in D:\Moje_SerweryWWW\wamp64\www\wegasrebro\weganew\catalog\view\theme\pav_vigoss\template\common\addon\offcanvas-category.tpl on line 11
2017-05-06 1:39:38 - PHP Notice:  Undefined variable: text_wishlist in D:\Moje_SerweryWWW\wamp64\www\wegasrebro\weganew\catalog\view\theme\pav_vigoss\template\common\addon\offcanvas-category.tpl on line 11
2017-05-06 1:39:38 - PHP Notice:  Undefined variable: shopping_cart in D:\Moje_SerweryWWW\wamp64\www\wegasrebro\weganew\catalog\view\theme\pav_vigoss\template\common\addon\offcanvas-category.tpl on line 12
2017-05-06 1:39:38 - PHP Notice:  Undefined variable: text_shopping_cart in D:\Moje_SerweryWWW\wamp64\www\wegasrebro\weganew\catalog\view\theme\pav_vigoss\template\common\addon\offcanvas-category.tpl on line 12
2017-05-06 1:39:38 - PHP Notice:  Undefined variable: checkout in D:\Moje_SerweryWWW\wamp64\www\wegasrebro\weganew\catalog\view\theme\pav_vigoss\template\common\addon\offcanvas-category.tpl on line 13
2017-05-06 1:39:38 - PHP Notice:  Undefined variable: text_checkout in D:\Moje_SerweryWWW\wamp64\www\wegasrebro\weganew\catalog\view\theme\pav_vigoss\template\common\addon\offcanvas-category.tpl on line 13
2017-05-06 1:39:38 - PHP Notice:  Undefined variable: account in D:\Moje_SerweryWWW\wamp64\www\wegasrebro\weganew\catalog\view\theme\pav_vigoss\template\common\addon\offcanvas-category.tpl on line 14
2017-05-06 1:39:38 - PHP Notice:  Undefined variable: text_account in D:\Moje_SerweryWWW\wamp64\www\wegasrebro\weganew\catalog\view\theme\pav_vigoss\template\common\addon\offcanvas-category.tpl on line 14
2017-05-06 1:39:38 - PHP Notice:  Undefined variable: logged in D:\Moje_SerweryWWW\wamp64\www\wegasrebro\weganew\catalog\view\theme\pav_vigoss\template\common\addon\offcanvas-category.tpl on line 15
2017-05-06 1:39:38 - PHP Notice:  Undefined variable: register in D:\Moje_SerweryWWW\wamp64\www\wegasrebro\weganew\catalog\view\theme\pav_vigoss\template\common\addon\offcanvas-category.tpl on line 18
2017-05-06 1:39:38 - PHP Notice:  Undefined variable: text_register in D:\Moje_SerweryWWW\wamp64\www\wegasrebro\weganew\catalog\view\theme\pav_vigoss\template\common\addon\offcanvas-category.tpl on line 18
2017-05-06 1:39:38 - PHP Notice:  Undefined variable: login in D:\Moje_SerweryWWW\wamp64\www\wegasrebro\weganew\catalog\view\theme\pav_vigoss\template\common\addon\offcanvas-category.tpl on line 19
2017-05-06 1:39:38 - PHP Notice:  Undefined variable: text_login in D:\Moje_SerweryWWW\wamp64\www\wegasrebro\weganew\catalog\view\theme\pav_vigoss\template\common\addon\offcanvas-category.tpl on line 19
2017-05-06 1:41:46 - PHP Notice:  Undefined variable: wishlist in D:\Moje_SerweryWWW\wamp64\www\wegasrebro\weganew\catalog\view\theme\pav_vigoss\template\common\addon\offcanvas-category.tpl on line 11
2017-05-06 1:41:46 - PHP Notice:  Undefined variable: text_wishlist in D:\Moje_SerweryWWW\wamp64\www\wegasrebro\weganew\catalog\view\theme\pav_vigoss\template\common\addon\offcanvas-category.tpl on line 11
2017-05-06 1:41:46 - PHP Notice:  Undefined variable: text_wishlist in D:\Moje_SerweryWWW\wamp64\www\wegasrebro\weganew\catalog\view\theme\pav_vigoss\template\common\addon\offcanvas-category.tpl on line 11
2017-05-06 1:41:46 - PHP Notice:  Undefined variable: shopping_cart in D:\Moje_SerweryWWW\wamp64\www\wegasrebro\weganew\catalog\view\theme\pav_vigoss\template\common\addon\offcanvas-category.tpl on line 12
2017-05-06 1:41:46 - PHP Notice:  Undefined variable: text_shopping_cart in D:\Moje_SerweryWWW\wamp64\www\wegasrebro\weganew\catalog\view\theme\pav_vigoss\template\common\addon\offcanvas-category.tpl on line 12
2017-05-06 1:41:46 - PHP Notice:  Undefined variable: checkout in D:\Moje_SerweryWWW\wamp64\www\wegasrebro\weganew\catalog\view\theme\pav_vigoss\template\common\addon\offcanvas-category.tpl on line 13
2017-05-06 1:41:46 - PHP Notice:  Undefined variable: text_checkout in D:\Moje_SerweryWWW\wamp64\www\wegasrebro\weganew\catalog\view\theme\pav_vigoss\template\common\addon\offcanvas-category.tpl on line 13
2017-05-06 1:41:46 - PHP Notice:  Undefined variable: account in D:\Moje_SerweryWWW\wamp64\www\wegasrebro\weganew\catalog\view\theme\pav_vigoss\template\common\addon\offcanvas-category.tpl on line 14
2017-05-06 1:41:46 - PHP Notice:  Undefined variable: text_account in D:\Moje_SerweryWWW\wamp64\www\wegasrebro\weganew\catalog\view\theme\pav_vigoss\template\common\addon\offcanvas-category.tpl on line 14
2017-05-06 1:41:46 - PHP Notice:  Undefined variable: logged in D:\Moje_SerweryWWW\wamp64\www\wegasrebro\weganew\catalog\view\theme\pav_vigoss\template\common\addon\offcanvas-category.tpl on line 15
2017-05-06 1:41:46 - PHP Notice:  Undefined variable: register in D:\Moje_SerweryWWW\wamp64\www\wegasrebro\weganew\catalog\view\theme\pav_vigoss\template\common\addon\offcanvas-category.tpl on line 18
2017-05-06 1:41:46 - PHP Notice:  Undefined variable: text_register in D:\Moje_SerweryWWW\wamp64\www\wegasrebro\weganew\catalog\view\theme\pav_vigoss\template\common\addon\offcanvas-category.tpl on line 18
2017-05-06 1:41:46 - PHP Notice:  Undefined variable: login in D:\Moje_SerweryWWW\wamp64\www\wegasrebro\weganew\catalog\view\theme\pav_vigoss\template\common\addon\offcanvas-category.tpl on line 19
2017-05-06 1:41:46 - PHP Notice:  Undefined variable: text_login in D:\Moje_SerweryWWW\wamp64\www\wegasrebro\weganew\catalog\view\theme\pav_vigoss\template\common\addon\offcanvas-category.tpl on line 19
2017-05-06 1:44:08 - PHP Notice:  Undefined variable: wishlist in D:\Moje_SerweryWWW\wamp64\www\wegasrebro\weganew\catalog\view\theme\pav_vigoss\template\common\addon\offcanvas-category.tpl on line 11
2017-05-06 1:44:08 - PHP Notice:  Undefined variable: text_wishlist in D:\Moje_SerweryWWW\wamp64\www\wegasrebro\weganew\catalog\view\theme\pav_vigoss\template\common\addon\offcanvas-category.tpl on line 11
2017-05-06 1:44:08 - PHP Notice:  Undefined variable: text_wishlist in D:\Moje_SerweryWWW\wamp64\www\wegasrebro\weganew\catalog\view\theme\pav_vigoss\template\common\addon\offcanvas-category.tpl on line 11
2017-05-06 1:44:08 - PHP Notice:  Undefined variable: shopping_cart in D:\Moje_SerweryWWW\wamp64\www\wegasrebro\weganew\catalog\view\theme\pav_vigoss\template\common\addon\offcanvas-category.tpl on line 12
2017-05-06 1:44:08 - PHP Notice:  Undefined variable: text_shopping_cart in D:\Moje_SerweryWWW\wamp64\www\wegasrebro\weganew\catalog\view\theme\pav_vigoss\template\common\addon\offcanvas-category.tpl on line 12
2017-05-06 1:44:08 - PHP Notice:  Undefined variable: checkout in D:\Moje_SerweryWWW\wamp64\www\wegasrebro\weganew\catalog\view\theme\pav_vigoss\template\common\addon\offcanvas-category.tpl on line 13
2017-05-06 1:44:08 - PHP Notice:  Undefined variable: text_checkout in D:\Moje_SerweryWWW\wamp64\www\wegasrebro\weganew\catalog\view\theme\pav_vigoss\template\common\addon\offcanvas-category.tpl on line 13
2017-05-06 1:44:08 - PHP Notice:  Undefined variable: account in D:\Moje_SerweryWWW\wamp64\www\wegasrebro\weganew\catalog\view\theme\pav_vigoss\template\common\addon\offcanvas-category.tpl on line 14
2017-05-06 1:44:08 - PHP Notice:  Undefined variable: text_account in D:\Moje_SerweryWWW\wamp64\www\wegasrebro\weganew\catalog\view\theme\pav_vigoss\template\common\addon\offcanvas-category.tpl on line 14
2017-05-06 1:44:08 - PHP Notice:  Undefined variable: logged in D:\Moje_SerweryWWW\wamp64\www\wegasrebro\weganew\catalog\view\theme\pav_vigoss\template\common\addon\offcanvas-category.tpl on line 15
2017-05-06 1:44:08 - PHP Notice:  Undefined variable: register in D:\Moje_SerweryWWW\wamp64\www\wegasrebro\weganew\catalog\view\theme\pav_vigoss\template\common\addon\offcanvas-category.tpl on line 18
2017-05-06 1:44:08 - PHP Notice:  Undefined variable: text_register in D:\Moje_SerweryWWW\wamp64\www\wegasrebro\weganew\catalog\view\theme\pav_vigoss\template\common\addon\offcanvas-category.tpl on line 18
2017-05-06 1:44:08 - PHP Notice:  Undefined variable: login in D:\Moje_SerweryWWW\wamp64\www\wegasrebro\weganew\catalog\view\theme\pav_vigoss\template\common\addon\offcanvas-category.tpl on line 19
2017-05-06 1:44:08 - PHP Notice:  Undefined variable: text_login in D:\Moje_SerweryWWW\wamp64\www\wegasrebro\weganew\catalog\view\theme\pav_vigoss\template\common\addon\offcanvas-category.tpl on line 19
2017-05-06 1:45:42 - PHP Notice:  Undefined variable: wishlist in D:\Moje_SerweryWWW\wamp64\www\wegasrebro\weganew\catalog\view\theme\pav_vigoss\template\common\addon\offcanvas-category.tpl on line 11
2017-05-06 1:45:42 - PHP Notice:  Undefined variable: text_wishlist in D:\Moje_SerweryWWW\wamp64\www\wegasrebro\weganew\catalog\view\theme\pav_vigoss\template\common\addon\offcanvas-category.tpl on line 11
2017-05-06 1:45:42 - PHP Notice:  Undefined variable: text_wishlist in D:\Moje_SerweryWWW\wamp64\www\wegasrebro\weganew\catalog\view\theme\pav_vigoss\template\common\addon\offcanvas-category.tpl on line 11
2017-05-06 1:45:42 - PHP Notice:  Undefined variable: shopping_cart in D:\Moje_SerweryWWW\wamp64\www\wegasrebro\weganew\catalog\view\theme\pav_vigoss\template\common\addon\offcanvas-category.tpl on line 12
2017-05-06 1:45:42 - PHP Notice:  Undefined variable: text_shopping_cart in D:\Moje_SerweryWWW\wamp64\www\wegasrebro\weganew\catalog\view\theme\pav_vigoss\template\common\addon\offcanvas-category.tpl on line 12
2017-05-06 1:45:42 - PHP Notice:  Undefined variable: checkout in D:\Moje_SerweryWWW\wamp64\www\wegasrebro\weganew\catalog\view\theme\pav_vigoss\template\common\addon\offcanvas-category.tpl on line 13
2017-05-06 1:45:42 - PHP Notice:  Undefined variable: text_checkout in D:\Moje_SerweryWWW\wamp64\www\wegasrebro\weganew\catalog\view\theme\pav_vigoss\template\common\addon\offcanvas-category.tpl on line 13
2017-05-06 1:45:42 - PHP Notice:  Undefined variable: account in D:\Moje_SerweryWWW\wamp64\www\wegasrebro\weganew\catalog\view\theme\pav_vigoss\template\common\addon\offcanvas-category.tpl on line 14
2017-05-06 1:45:42 - PHP Notice:  Undefined variable: text_account in D:\Moje_SerweryWWW\wamp64\www\wegasrebro\weganew\catalog\view\theme\pav_vigoss\template\common\addon\offcanvas-category.tpl on line 14
2017-05-06 1:45:42 - PHP Notice:  Undefined variable: logged in D:\Moje_SerweryWWW\wamp64\www\wegasrebro\weganew\catalog\view\theme\pav_vigoss\template\common\addon\offcanvas-category.tpl on line 15
2017-05-06 1:45:42 - PHP Notice:  Undefined variable: register in D:\Moje_SerweryWWW\wamp64\www\wegasrebro\weganew\catalog\view\theme\pav_vigoss\template\common\addon\offcanvas-category.tpl on line 18
2017-05-06 1:45:42 - PHP Notice:  Undefined variable: text_register in D:\Moje_SerweryWWW\wamp64\www\wegasrebro\weganew\catalog\view\theme\pav_vigoss\template\common\addon\offcanvas-category.tpl on line 18
2017-05-06 1:45:42 - PHP Notice:  Undefined variable: login in D:\Moje_SerweryWWW\wamp64\www\wegasrebro\weganew\catalog\view\theme\pav_vigoss\template\common\addon\offcanvas-category.tpl on line 19
2017-05-06 1:45:42 - PHP Notice:  Undefined variable: text_login in D:\Moje_SerweryWWW\wamp64\www\wegasrebro\weganew\catalog\view\theme\pav_vigoss\template\common\addon\offcanvas-category.tpl on line 19
2017-05-06 1:50:53 - PHP Notice:  Undefined variable: wishlist in D:\Moje_SerweryWWW\wamp64\www\wegasrebro\weganew\catalog\view\theme\pav_vigoss\template\common\addon\offcanvas-category.tpl on line 11
2017-05-06 1:50:53 - PHP Notice:  Undefined variable: text_wishlist in D:\Moje_SerweryWWW\wamp64\www\wegasrebro\weganew\catalog\view\theme\pav_vigoss\template\common\addon\offcanvas-category.tpl on line 11
2017-05-06 1:50:53 - PHP Notice:  Undefined variable: text_wishlist in D:\Moje_SerweryWWW\wamp64\www\wegasrebro\weganew\catalog\view\theme\pav_vigoss\template\common\addon\offcanvas-category.tpl on line 11
2017-05-06 1:50:53 - PHP Notice:  Undefined variable: shopping_cart in D:\Moje_SerweryWWW\wamp64\www\wegasrebro\weganew\catalog\view\theme\pav_vigoss\template\common\addon\offcanvas-category.tpl on line 12
2017-05-06 1:50:53 - PHP Notice:  Undefined variable: text_shopping_cart in D:\Moje_SerweryWWW\wamp64\www\wegasrebro\weganew\catalog\view\theme\pav_vigoss\template\common\addon\offcanvas-category.tpl on line 12
2017-05-06 1:50:53 - PHP Notice:  Undefined variable: checkout in D:\Moje_SerweryWWW\wamp64\www\wegasrebro\weganew\catalog\view\theme\pav_vigoss\template\common\addon\offcanvas-category.tpl on line 13
2017-05-06 1:50:53 - PHP Notice:  Undefined variable: text_checkout in D:\Moje_SerweryWWW\wamp64\www\wegasrebro\weganew\catalog\view\theme\pav_vigoss\template\common\addon\offcanvas-category.tpl on line 13
2017-05-06 1:50:53 - PHP Notice:  Undefined variable: account in D:\Moje_SerweryWWW\wamp64\www\wegasrebro\weganew\catalog\view\theme\pav_vigoss\template\common\addon\offcanvas-category.tpl on line 14
2017-05-06 1:50:53 - PHP Notice:  Undefined variable: text_account in D:\Moje_SerweryWWW\wamp64\www\wegasrebro\weganew\catalog\view\theme\pav_vigoss\template\common\addon\offcanvas-category.tpl on line 14
2017-05-06 1:50:53 - PHP Notice:  Undefined variable: logged in D:\Moje_SerweryWWW\wamp64\www\wegasrebro\weganew\catalog\view\theme\pav_vigoss\template\common\addon\offcanvas-category.tpl on line 15
2017-05-06 1:50:53 - PHP Notice:  Undefined variable: register in D:\Moje_SerweryWWW\wamp64\www\wegasrebro\weganew\catalog\view\theme\pav_vigoss\template\common\addon\offcanvas-category.tpl on line 18
2017-05-06 1:50:53 - PHP Notice:  Undefined variable: text_register in D:\Moje_SerweryWWW\wamp64\www\wegasrebro\weganew\catalog\view\theme\pav_vigoss\template\common\addon\offcanvas-category.tpl on line 18
2017-05-06 1:50:53 - PHP Notice:  Undefined variable: login in D:\Moje_SerweryWWW\wamp64\www\wegasrebro\weganew\catalog\view\theme\pav_vigoss\template\common\addon\offcanvas-category.tpl on line 19
2017-05-06 1:50:53 - PHP Notice:  Undefined variable: text_login in D:\Moje_SerweryWWW\wamp64\www\wegasrebro\weganew\catalog\view\theme\pav_vigoss\template\common\addon\offcanvas-category.tpl on line 19
2017-05-06 1:52:14 - PHP Notice:  Undefined variable: sconfig in D:\Moje_SerweryWWW\wamp64\www\wegasrebro\weganew\catalog\view\theme\pav_vigoss\template\module\category.tpl on line 60
2017-05-06 1:53:49 - PHP Notice:  Undefined variable: sconfig in D:\Moje_SerweryWWW\wamp64\www\wegasrebro\weganew\catalog\view\theme\pav_vigoss\template\module\category.tpl on line 60
2017-05-06 1:54:29 - PHP Notice:  Undefined variable: sconfig in D:\Moje_SerweryWWW\wamp64\www\wegasrebro\weganew\catalog\view\theme\pav_vigoss\template\module\category.tpl on line 60
2017-05-06 2:00:21 - PHP Notice:  Undefined variable: account in D:\Moje_SerweryWWW\wamp64\www\wegasrebro\weganew\catalog\view\theme\pav_vigoss\template\common\addon\offcanvas-category.tpl on line 10
2017-05-06 2:00:21 - PHP Notice:  Undefined variable: account in D:\Moje_SerweryWWW\wamp64\www\wegasrebro\weganew\catalog\view\theme\pav_vigoss\template\common\addon\offcanvas-category.tpl on line 10
2017-05-06 2:00:24 - PHP Notice:  Undefined variable: account in D:\Moje_SerweryWWW\wamp64\www\wegasrebro\weganew\catalog\view\theme\pav_vigoss\template\common\addon\offcanvas-category.tpl on line 10
2017-05-06 2:00:34 - PHP Notice:  Undefined variable: account in D:\Moje_SerweryWWW\wamp64\www\wegasrebro\weganew\catalog\view\theme\pav_vigoss\template\common\addon\offcanvas-category.tpl on line 10
